info: Nov-18-2021 15:05:03: 	DAI/WETH on Uniswap: -> 4163.996998577939
info: Nov-18-2021 15:05:03: 	DAI/WETH on SushiSwap: -> 4163.996998577939
info: Nov-18-2021 15:05:03: 	DAI/WETH on SakeSwap: -> 4163.996998577939
info: Nov-18-2021 15:05:03: 	DAI/WETH on CrowSwap: -> 4163.996998577939
info: Nov-18-2021 15:05:03: 	DAI/WETH on ShibaSwap: -> 4163.996998577939
info: Nov-18-2021 15:10:06: 	DAI/WETH on Uniswap: -> 4163.996998577939
info: Nov-18-2021 15:10:06: 	DAI/WETH on SushiSwap: -> 4163.996998577939
info: Nov-18-2021 15:10:06: 	DAI/WETH on SakeSwap: -> 4163.996998577939
info: Nov-18-2021 15:10:06: 	DAI/WETH on CrowSwap: -> 4163.996998577939
info: Nov-18-2021 15:10:06: 	DAI/WETH on ShibaSwap: -> 4163.996998577939
info: Nov-18-2021 15:14:23: 	DAI/WETH on Uniswap: -> 4143.322673002697
info: Nov-18-2021 15:14:23: 	DAI/WETH on SushiSwap: -> 4143.322673002697
info: Nov-18-2021 15:14:23: 	DAI/WETH on SakeSwap: -> 4143.322673002697
info: Nov-18-2021 15:14:23: 	DAI/WETH on CrowSwap: -> 4143.322673002697
info: Nov-18-2021 15:14:23: 	DAI/WETH on ShibaSwap: -> 4143.322673002697
info: Nov-18-2021 15:17:02: 	DAI/WETH on Uniswap: -> 4134.239797718374
info: Nov-18-2021 15:17:02: 	DAI/WETH on SushiSwap: -> 4138.97577252512
info: Nov-18-2021 15:17:02: 	DAI/WETH on SakeSwap: -> 4130.070783251712
info: Nov-18-2021 15:17:02: 	DAI/WETH on CrowSwap: -> 4152.838243441928
info: Nov-18-2021 15:17:02: 	DAI/WETH on ShibaSwap: -> 4143.322673002697
info: Nov-18-2021 15:19:38: 	DAI/WETH on Uniswap: -> 4134.239797718374
info: Nov-18-2021 15:19:38: 	DAI/WETH on SushiSwap: -> 4138.97577252512
info: Nov-18-2021 15:19:38: 	DAI/WETH on SakeSwap: -> 4130.070783251712
info: Nov-18-2021 15:19:38: 	DAI/WETH on CrowSwap: -> 4152.838243441928
info: Nov-18-2021 15:19:38: 	DAI/WETH on ShibaSwap: -> 4143.322673002697
info: Nov-18-2021 15:23:24: 	DAI/WETH on Uniswap: -> 4115.605117445409
info: Nov-18-2021 15:23:24: 	DAI/WETH on SushiSwap: -> 4100.763301517598
info: Nov-18-2021 15:23:24: 	DAI/WETH on SakeSwap: -> 4130.070783251712
info: Nov-18-2021 15:23:24: 	DAI/WETH on CrowSwap: -> 4152.838243441928
info: Nov-18-2021 15:23:24: 	DAI/WETH on ShibaSwap: -> 4115.291133136113
info: Nov-18-2021 15:31:42: 	DAI/WETH on Uniswap: -> 4115.605117445409
info: Nov-18-2021 15:31:42: 	DAI/WETH on SushiSwap: -> 4100.763301517598
info: Nov-18-2021 15:31:42: 	DAI/WETH on SakeSwap: -> 4130.070783251712
info: Nov-18-2021 15:31:42: 	DAI/WETH on CrowSwap: -> 4152.838243441928
info: Nov-18-2021 15:31:42: 	DAI/WETH on ShibaSwap: -> 4115.291133136113
info: Nov-18-2021 15:31:55: 	DAI/WETH on Uniswap: -> 4115.605117445409
info: Nov-18-2021 15:31:55: 	DAI/WETH on SushiSwap: -> 4100.763301517598
info: Nov-18-2021 15:31:55: 	DAI/WETH on SakeSwap: -> 4130.070783251712
info: Nov-18-2021 15:31:55: 	DAI/WETH on CrowSwap: -> 4152.838243441928
info: Nov-18-2021 15:31:55: 	DAI/WETH on ShibaSwap: -> 4115.291133136113
info: Nov-18-2021 15:32:14: 	DAI/WETH on Uniswap: -> 4115.605117445409
info: Nov-18-2021 15:32:14: 	DAI/WETH on SushiSwap: -> 4100.763301517598
info: Nov-18-2021 15:32:14: 	DAI/WETH on SakeSwap: -> 4130.070783251712
info: Nov-18-2021 15:32:14: 	DAI/WETH on CrowSwap: -> 4152.838243441928
info: Nov-18-2021 15:32:14: 	DAI/WETH on ShibaSwap: -> 4115.291133136113
info: Nov-18-2021 15:32:28: 	DAI/WETH on Uniswap: -> 4115.605117445409
info: Nov-18-2021 15:32:28: 	DAI/WETH on SushiSwap: -> 4100.763301517598
info: Nov-18-2021 15:32:28: 	DAI/WETH on SakeSwap: -> 4130.070783251712
info: Nov-18-2021 15:32:28: 	DAI/WETH on CrowSwap: -> 4152.838243441928
info: Nov-18-2021 15:32:28: 	DAI/WETH on ShibaSwap: -> 4115.291133136113
info: Nov-18-2021 15:33:18: 	DAI/WETH on Uniswap: -> 4115.605117445409
info: Nov-18-2021 15:33:18: 	DAI/WETH on SushiSwap: -> 4100.763301517598
info: Nov-18-2021 15:33:18: 	DAI/WETH on SakeSwap: -> 4130.070783251712
info: Nov-18-2021 15:33:18: 	DAI/WETH on CrowSwap: -> 4152.838243441928
info: Nov-18-2021 15:33:18: 	DAI/WETH on ShibaSwap: -> 4115.291133136113
info: Nov-18-2021 15:33:37: 	DAI/WETH on Uniswap: -> 4115.605117445409
info: Nov-18-2021 15:33:37: 	DAI/WETH on SushiSwap: -> 4100.763301517598
info: Nov-18-2021 15:33:37: 	DAI/WETH on SakeSwap: -> 4130.070783251712
info: Nov-18-2021 15:33:37: 	DAI/WETH on CrowSwap: -> 4152.838243441928
info: Nov-18-2021 15:33:37: 	DAI/WETH on ShibaSwap: -> 4115.291133136113
info: Nov-18-2021 16:42:12: 	DAI/WETH on Uniswap: -> 4115.605117445409
info: Nov-18-2021 16:42:12: 	DAI/WETH on SushiSwap: -> 4100.763301517598
info: Nov-18-2021 16:42:12: 	DAI/WETH on SakeSwap: -> 4130.070783251712
info: Nov-18-2021 16:42:12: 	DAI/WETH on CrowSwap: -> 4152.838243441928
info: Nov-18-2021 16:42:12: 	DAI/WETH on ShibaSwap: -> 4115.291133136113
info: Nov-18-2021 16:42:27: 	

User requesting to borrow 50 ETH
info: Nov-18-2021 16:42:27: 	Exhnage price difference -> -0.00021324008671295448 = -0.00021324008671295448
info: Nov-18-2021 16:58:21: 	DAI/WETH on Uniswap: -> 4115.605117445409
info: Nov-18-2021 16:58:21: 	DAI/WETH on SushiSwap: -> 4100.763301517598
info: Nov-18-2021 16:58:21: 	DAI/WETH on SakeSwap: -> 4130.070783251712
info: Nov-18-2021 16:58:21: 	DAI/WETH on CrowSwap: -> 4152.838243441928
info: Nov-18-2021 16:58:21: 	DAI/WETH on ShibaSwap: -> 4115.291133136113
info: Nov-18-2021 16:58:35: 	

User requesting to borrow 50 ETH
info: Nov-18-2021 16:58:35: 	Exhnage price difference -> -0.00021324008671295448 = -0.00021324008671295448
info: Nov-18-2021 16:58:35: 	No profit fo this trade
info: Nov-18-2021 16:58:49: 	DAI/WETH on Uniswap: -> 4115.605117445409
info: Nov-18-2021 16:58:49: 	DAI/WETH on SushiSwap: -> 4100.763301517598
info: Nov-18-2021 16:58:49: 	DAI/WETH on SakeSwap: -> 4130.070783251712
info: Nov-18-2021 16:58:49: 	DAI/WETH on CrowSwap: -> 4152.838243441928
info: Nov-18-2021 16:58:49: 	DAI/WETH on ShibaSwap: -> 4115.291133136113
info: Nov-18-2021 16:59:03: 	

User requesting to borrow 50 ETH
info: Nov-18-2021 16:59:03: 	Exhnage price difference -> -0.00021324008671295448 = -0.00021324008671295448
info: Nov-18-2021 16:59:03: 	No profit fo this trade
info: Nov-18-2021 16:59:35: 	DAI/WETH on Uniswap: -> 4115.605117445409
info: Nov-18-2021 16:59:35: 	DAI/WETH on SushiSwap: -> 4100.763301517598
info: Nov-18-2021 16:59:35: 	DAI/WETH on SakeSwap: -> 4130.070783251712
info: Nov-18-2021 16:59:35: 	DAI/WETH on CrowSwap: -> 4152.838243441928
info: Nov-18-2021 16:59:35: 	DAI/WETH on ShibaSwap: -> 4115.291133136113
info: Nov-18-2021 16:59:58: 	DAI/WETH on Uniswap: -> 4115.605117445409
info: Nov-18-2021 16:59:58: 	DAI/WETH on SushiSwap: -> 4100.763301517598
info: Nov-18-2021 16:59:58: 	DAI/WETH on SakeSwap: -> 4130.070783251712
info: Nov-18-2021 16:59:58: 	DAI/WETH on CrowSwap: -> 4152.838243441928
info: Nov-18-2021 16:59:58: 	DAI/WETH on ShibaSwap: -> 4115.291133136113
info: Nov-18-2021 17:01:46: 	DAI/WETH on Uniswap: -> 4115.605117445409
info: Nov-18-2021 17:01:46: 	DAI/WETH on SushiSwap: -> 4100.763301517598
info: Nov-18-2021 17:01:46: 	DAI/WETH on SakeSwap: -> 4130.070783251712
info: Nov-18-2021 17:01:46: 	DAI/WETH on CrowSwap: -> 4152.838243441928
info: Nov-18-2021 17:01:46: 	DAI/WETH on ShibaSwap: -> 4115.291133136113
info: Nov-18-2021 17:02:09: 	DAI/WETH on Uniswap: -> 4115.605117445409
info: Nov-18-2021 17:02:09: 	DAI/WETH on SushiSwap: -> 4100.763301517598
info: Nov-18-2021 17:02:09: 	DAI/WETH on SakeSwap: -> 4130.070783251712
info: Nov-18-2021 17:02:09: 	DAI/WETH on CrowSwap: -> 4152.838243441928
info: Nov-18-2021 17:02:09: 	DAI/WETH on ShibaSwap: -> 4115.291133136113
info: Nov-18-2021 17:07:44: 	DAI/WETH on Uniswap: -> 4115.605117445409
info: Nov-18-2021 17:07:44: 	DAI/WETH on SushiSwap: -> 4100.763301517598
info: Nov-18-2021 17:07:44: 	DAI/WETH on SakeSwap: -> 4130.070783251712
info: Nov-18-2021 17:07:44: 	DAI/WETH on CrowSwap: -> 4152.838243441928
info: Nov-18-2021 17:07:44: 	DAI/WETH on ShibaSwap: -> 4115.291133136113
info: Nov-18-2021 17:07:57: 	

User requesting to borrow 50 ETH
info: Nov-18-2021 17:07:57: 	Exhnage price difference -> -5.833024207970003e-7 = -5.833024207970003e-7
info: Nov-18-2021 17:07:57: 	No profit fo this trade
info: Nov-18-2021 17:08:09: 	DAI/WETH on Uniswap: -> 4115.605117445409
info: Nov-18-2021 17:08:09: 	DAI/WETH on SushiSwap: -> 4100.763301517598
info: Nov-18-2021 17:08:09: 	DAI/WETH on SakeSwap: -> 4130.070783251712
info: Nov-18-2021 17:08:09: 	DAI/WETH on CrowSwap: -> 4152.838243441928
info: Nov-18-2021 17:08:09: 	DAI/WETH on ShibaSwap: -> 4115.291133136113
info: Nov-18-2021 17:08:24: 	

User requesting to borrow 50 ETH
info: Nov-18-2021 17:08:24: 	Exhnage price difference -> 7.248075858490126e-7 = 7.248075858490126e-7
info: Nov-18-2021 17:08:24: 	total difference before gas -> 7.248075858490126e-7
info: Nov-18-2021 17:08:24: 	total gas to execute trades -> undefined Wei
info: Nov-18-2021 17:08:53: 	DAI/WETH on Uniswap: -> 4115.605117445409
info: Nov-18-2021 17:08:53: 	DAI/WETH on SushiSwap: -> 4100.763301517598
info: Nov-18-2021 17:08:53: 	DAI/WETH on SakeSwap: -> 4130.070783251712
info: Nov-18-2021 17:08:53: 	DAI/WETH on CrowSwap: -> 4152.838243441928
info: Nov-18-2021 17:08:53: 	DAI/WETH on ShibaSwap: -> 4115.291133136113
info: Nov-18-2021 17:09:07: 	

User requesting to borrow 50 ETH
info: Nov-18-2021 17:09:07: 	Exhnage price difference -> 7.248075858490126e-7 = 7.248075858490126e-7
info: Nov-18-2021 17:09:07: 	total difference before gas -> 7.248075858490126e-7
info: Nov-18-2021 17:09:07: 	total gas to execute trades -> undefined Wei
info: Nov-18-2021 17:09:07: 	total estimated profit -> -0.00719927519241415



info: Nov-18-2021 17:09:43: 	DAI/WETH on Uniswap: -> 4115.605117445409
info: Nov-18-2021 17:09:43: 	DAI/WETH on SushiSwap: -> 4100.763301517598
info: Nov-18-2021 17:09:43: 	DAI/WETH on SakeSwap: -> 4130.070783251712
info: Nov-18-2021 17:09:43: 	DAI/WETH on CrowSwap: -> 4152.838243441928
info: Nov-18-2021 17:09:43: 	DAI/WETH on ShibaSwap: -> 4115.291133136113
info: Nov-18-2021 17:09:57: 	

User requesting to borrow 1 ETH
info: Nov-18-2021 17:09:57: 	Exhnage price difference -> 7.248075858490126e-7 = 7.248075858490126e-7
info: Nov-18-2021 17:09:57: 	total difference before gas -> 7.248075858490126e-7
info: Nov-18-2021 17:09:57: 	total gas to execute trades -> undefined Wei
info: Nov-18-2021 17:09:57: 	total estimated profit -> -0.00719927519241415



info: Nov-18-2021 17:10:21: 	DAI/WETH on Uniswap: -> 4115.605117445409
info: Nov-18-2021 17:10:21: 	DAI/WETH on SushiSwap: -> 4100.763301517598
info: Nov-18-2021 17:10:21: 	DAI/WETH on SakeSwap: -> 4130.070783251712
info: Nov-18-2021 17:10:21: 	DAI/WETH on CrowSwap: -> 4152.838243441928
info: Nov-18-2021 17:10:21: 	DAI/WETH on ShibaSwap: -> 4115.291133136113
info: Nov-18-2021 17:10:35: 	

User requesting to borrow 1 ETH
info: Nov-18-2021 17:10:35: 	Exhnage price difference -> -6.785662794849966e-7 = -6.785662794849966e-7
info: Nov-18-2021 17:10:35: 	No profit fo this trade
info: Nov-18-2021 17:10:44: 	DAI/WETH on Uniswap: -> 4115.605117445409
info: Nov-18-2021 17:10:44: 	DAI/WETH on SushiSwap: -> 4100.763301517598
info: Nov-18-2021 17:10:44: 	DAI/WETH on SakeSwap: -> 4130.070783251712
info: Nov-18-2021 17:10:44: 	DAI/WETH on CrowSwap: -> 4152.838243441928
info: Nov-18-2021 17:10:44: 	DAI/WETH on ShibaSwap: -> 4115.291133136113
info: Nov-18-2021 17:10:46: 	

User requesting to borrow 1 ETH
info: Nov-18-2021 17:10:46: 	Exhnage price difference -> -6.785662794849966e-7 = -6.785662794849966e-7
info: Nov-18-2021 17:10:46: 	No profit fo this trade
info: Nov-18-2021 17:11:05: 	DAI/WETH on Uniswap: -> 4115.605117445409
info: Nov-18-2021 17:11:05: 	DAI/WETH on SushiSwap: -> 4100.763301517598
info: Nov-18-2021 17:11:05: 	DAI/WETH on SakeSwap: -> 4130.070783251712
info: Nov-18-2021 17:11:05: 	DAI/WETH on CrowSwap: -> 4152.838243441928
info: Nov-18-2021 17:11:05: 	DAI/WETH on ShibaSwap: -> 4115.291133136113
info: Nov-18-2021 17:11:19: 	

User requesting to borrow 1 ETH
info: Nov-18-2021 17:11:19: 	Exhnage price difference -> -5.833024207970003e-7 = -5.833024207970003e-7
info: Nov-18-2021 17:11:19: 	No profit fo this trade
info: Nov-18-2021 17:14:40: 	DAI/WETH on Uniswap: -> 4115.605117445409
info: Nov-18-2021 17:14:40: 	DAI/WETH on SushiSwap: -> 4100.763301517598
info: Nov-18-2021 17:14:40: 	DAI/WETH on SakeSwap: -> 4130.070783251712
info: Nov-18-2021 17:14:40: 	DAI/WETH on CrowSwap: -> 4152.838243441928
info: Nov-18-2021 17:14:40: 	DAI/WETH on ShibaSwap: -> 4115.291133136113
info: Nov-18-2021 17:14:54: 	

User requesting to borrow 1 ETH
info: Nov-18-2021 17:14:54: 	Exhnage price difference -> -5.833024207970003e-7 = -5.833024207970003e-7
info: Nov-18-2021 17:14:54: 	No profit fo this trade
info: Nov-18-2021 17:15:39: 	DAI/WETH on Uniswap: -> 4115.605117445409
info: Nov-18-2021 17:15:39: 	DAI/WETH on SushiSwap: -> 4100.763301517598
info: Nov-18-2021 17:15:39: 	DAI/WETH on SakeSwap: -> 4130.070783251712
info: Nov-18-2021 17:15:39: 	DAI/WETH on CrowSwap: -> 4152.838243441928
info: Nov-18-2021 17:15:39: 	DAI/WETH on ShibaSwap: -> 4115.291133136113
info: Nov-18-2021 17:15:53: 	

User requesting to borrow 1 ETH
info: Nov-18-2021 17:15:53: 	Exhnage price difference -> -0.000029188219494311052 = -0.000029188219494311052
info: Nov-18-2021 17:15:53: 	No profit fo this trade
info: Nov-18-2021 17:16:04: 	DAI/WETH on Uniswap: -> 4115.605117445409
info: Nov-18-2021 17:16:04: 	DAI/WETH on SushiSwap: -> 4100.763301517598
info: Nov-18-2021 17:16:04: 	DAI/WETH on SakeSwap: -> 4130.070783251712
info: Nov-18-2021 17:16:04: 	DAI/WETH on CrowSwap: -> 4152.838243441928
info: Nov-18-2021 17:16:04: 	DAI/WETH on ShibaSwap: -> 4115.291133136113
info: Nov-18-2021 17:16:18: 	

User requesting to borrow 1 ETH
info: Nov-18-2021 17:16:18: 	Exhnage price difference -> 0.000035862368795209 = 0.000035862368795209
info: Nov-18-2021 17:16:18: 	total difference before gas -> 0.00179311843976045
info: Nov-18-2021 17:16:18: 	total gas to execute trades -> undefined Wei
info: Nov-18-2021 17:16:18: 	total estimated profit -> -0.00540688156023955



info: Nov-18-2021 17:16:35: 	DAI/WETH on Uniswap: -> 4115.605117445409
info: Nov-18-2021 17:16:35: 	DAI/WETH on SushiSwap: -> 4100.763301517598
info: Nov-18-2021 17:16:35: 	DAI/WETH on SakeSwap: -> 4130.070783251712
info: Nov-18-2021 17:16:35: 	DAI/WETH on CrowSwap: -> 4152.838243441928
info: Nov-18-2021 17:16:35: 	DAI/WETH on ShibaSwap: -> 4115.291133136113
info: Nov-18-2021 17:16:49: 	

User requesting to borrow 1 ETH
info: Nov-18-2021 17:16:49: 	Exhnage price difference -> 0.00032389818887385013 = 0.00032389818887385013
info: Nov-18-2021 17:16:49: 	total difference before gas -> 0.16194909443692507
info: Nov-18-2021 17:16:49: 	total gas to execute trades -> undefined Wei
info: Nov-18-2021 17:16:49: 	No profit estimated after gas  -> 0.15474909443692506



info: Nov-18-2021 17:16:50: 	balance before trade -> 0
info: Nov-18-2021 17:58:17: 	DAI/WETH on Uniswap: -> 4115.605117445409
info: Nov-18-2021 17:58:17: 	DAI/WETH on SushiSwap: -> 4100.763301517598
info: Nov-18-2021 17:58:17: 	DAI/WETH on SakeSwap: -> 4130.070783251712
info: Nov-18-2021 17:58:17: 	DAI/WETH on CrowSwap: -> 4152.838243441928
info: Nov-18-2021 17:58:17: 	DAI/WETH on ShibaSwap: -> 4115.291133136113
info: Nov-18-2021 17:58:31: 	

User requesting to borrow 1 ETH
info: Nov-18-2021 17:58:31: 	Exhnage price difference -> 0.00032389818887385013 = 0.00032389818887385013
info: Nov-18-2021 17:58:31: 	total difference before gas -> 0.16194909443692507
info: Nov-18-2021 17:58:31: 	total gas to execute trades -> undefined Wei
info: Nov-18-2021 17:58:31: 	No profit estimated after gas  -> 0.15474909443692506



info: Nov-18-2021 17:58:31: 	balance before trade -> 0
info: Nov-18-2021 17:58:40: 	DAI/WETH on Uniswap: -> 4115.605117445409
info: Nov-18-2021 17:58:40: 	DAI/WETH on SushiSwap: -> 4100.763301517598
info: Nov-18-2021 17:58:40: 	DAI/WETH on SakeSwap: -> 4130.070783251712
info: Nov-18-2021 17:58:40: 	DAI/WETH on CrowSwap: -> 4152.838243441928
info: Nov-18-2021 17:58:40: 	DAI/WETH on ShibaSwap: -> 4115.291133136113
info: Nov-18-2021 17:58:41: 	

User requesting to borrow 1 ETH
info: Nov-18-2021 17:58:41: 	Exhnage price difference -> 0.00032389818887385013 = 0.00032389818887385013
info: Nov-18-2021 17:58:41: 	total difference before gas -> 0.16194909443692507
info: Nov-18-2021 17:58:41: 	total gas to execute trades -> undefined Wei
info: Nov-18-2021 17:58:41: 	No profit estimated after gas  -> 0.15474909443692506



info: Nov-18-2021 17:58:42: 	balance before trade -> 0
info: Nov-18-2021 17:58:50: 	DAI/WETH on Uniswap: -> 4115.605117445409
info: Nov-18-2021 17:58:50: 	DAI/WETH on SushiSwap: -> 4100.763301517598
info: Nov-18-2021 17:58:50: 	DAI/WETH on SakeSwap: -> 4130.070783251712
info: Nov-18-2021 17:58:50: 	DAI/WETH on CrowSwap: -> 4152.838243441928
info: Nov-18-2021 17:58:50: 	DAI/WETH on ShibaSwap: -> 4115.291133136113
info: Nov-18-2021 17:58:52: 	

User requesting to borrow 1 ETH
info: Nov-18-2021 17:58:52: 	Exhnage price difference -> 0.00032389818887385013 = 0.00032389818887385013
info: Nov-18-2021 17:58:52: 	total difference before gas -> 0.16194909443692507
info: Nov-18-2021 17:58:52: 	total gas to execute trades -> undefined Wei
info: Nov-18-2021 17:58:52: 	No profit estimated after gas  -> 0.15474909443692506



info: Nov-18-2021 17:58:52: 	balance before trade -> 0
info: Nov-18-2021 17:59:00: 	DAI/WETH on Uniswap: -> 4115.605117445409
info: Nov-18-2021 17:59:00: 	DAI/WETH on SushiSwap: -> 4100.763301517598
info: Nov-18-2021 17:59:00: 	DAI/WETH on SakeSwap: -> 4130.070783251712
info: Nov-18-2021 17:59:00: 	DAI/WETH on CrowSwap: -> 4152.838243441928
info: Nov-18-2021 17:59:00: 	DAI/WETH on ShibaSwap: -> 4115.291133136113
info: Nov-18-2021 17:59:02: 	

User requesting to borrow 1 ETH
info: Nov-18-2021 17:59:02: 	Exhnage price difference -> 0.00032389818887385013 = 0.00032389818887385013
info: Nov-18-2021 17:59:02: 	total difference before gas -> 0.16194909443692507
info: Nov-18-2021 17:59:02: 	total gas to execute trades -> undefined Wei
info: Nov-18-2021 17:59:02: 	No profit estimated after gas  -> 0.15474909443692506



info: Nov-18-2021 17:59:02: 	balance before trade -> 0
info: Nov-18-2021 17:59:10: 	DAI/WETH on Uniswap: -> 4115.605117445409
info: Nov-18-2021 17:59:10: 	DAI/WETH on SushiSwap: -> 4100.763301517598
info: Nov-18-2021 17:59:10: 	DAI/WETH on SakeSwap: -> 4130.070783251712
info: Nov-18-2021 17:59:10: 	DAI/WETH on CrowSwap: -> 4152.838243441928
info: Nov-18-2021 17:59:10: 	DAI/WETH on ShibaSwap: -> 4115.291133136113
info: Nov-18-2021 17:59:11: 	

User requesting to borrow 1 ETH
info: Nov-18-2021 17:59:11: 	Exhnage price difference -> 0.00032389818887385013 = 0.00032389818887385013
info: Nov-18-2021 17:59:11: 	total difference before gas -> 0.16194909443692507
info: Nov-18-2021 17:59:11: 	total gas to execute trades -> undefined Wei
info: Nov-18-2021 17:59:12: 	No profit estimated after gas  -> 0.15474909443692506



info: Nov-18-2021 17:59:12: 	balance before trade -> 0
info: Nov-18-2021 17:59:20: 	DAI/WETH on Uniswap: -> 4115.605117445409
info: Nov-18-2021 17:59:20: 	DAI/WETH on SushiSwap: -> 4100.763301517598
info: Nov-18-2021 17:59:20: 	DAI/WETH on SakeSwap: -> 4130.070783251712
info: Nov-18-2021 17:59:20: 	DAI/WETH on CrowSwap: -> 4152.838243441928
info: Nov-18-2021 17:59:20: 	DAI/WETH on ShibaSwap: -> 4115.291133136113
info: Nov-18-2021 17:59:21: 	

User requesting to borrow 1 ETH
info: Nov-18-2021 17:59:21: 	Exhnage price difference -> 0.00032389818887385013 = 0.00032389818887385013
info: Nov-18-2021 17:59:21: 	total difference before gas -> 0.16194909443692507
info: Nov-18-2021 17:59:21: 	total gas to execute trades -> undefined Wei
info: Nov-18-2021 17:59:21: 	No profit estimated after gas  -> 0.15474909443692506



info: Nov-18-2021 17:59:22: 	balance before trade -> 0
info: Nov-18-2021 17:59:30: 	DAI/WETH on Uniswap: -> 4115.605117445409
info: Nov-18-2021 17:59:30: 	DAI/WETH on SushiSwap: -> 4100.763301517598
info: Nov-18-2021 17:59:30: 	DAI/WETH on SakeSwap: -> 4130.070783251712
info: Nov-18-2021 17:59:30: 	DAI/WETH on CrowSwap: -> 4152.838243441928
info: Nov-18-2021 17:59:30: 	DAI/WETH on ShibaSwap: -> 4115.291133136113
info: Nov-18-2021 17:59:32: 	

User requesting to borrow 1 ETH
info: Nov-18-2021 17:59:32: 	Exhnage price difference -> 0.00032389818887385013 = 0.00032389818887385013
info: Nov-18-2021 17:59:32: 	total difference before gas -> 0.16194909443692507
info: Nov-18-2021 17:59:32: 	total gas to execute trades -> undefined Wei
info: Nov-18-2021 17:59:32: 	No profit estimated after gas  -> 0.15474909443692506



info: Nov-18-2021 17:59:32: 	balance before trade -> 0
info: Nov-18-2021 17:59:40: 	DAI/WETH on Uniswap: -> 4115.605117445409
info: Nov-18-2021 17:59:40: 	DAI/WETH on SushiSwap: -> 4100.763301517598
info: Nov-18-2021 17:59:40: 	DAI/WETH on SakeSwap: -> 4130.070783251712
info: Nov-18-2021 17:59:40: 	DAI/WETH on CrowSwap: -> 4152.838243441928
info: Nov-18-2021 17:59:40: 	DAI/WETH on ShibaSwap: -> 4115.291133136113
info: Nov-18-2021 17:59:42: 	

User requesting to borrow 1 ETH
info: Nov-18-2021 17:59:42: 	Exhnage price difference -> 0.00032389818887385013 = 0.00032389818887385013
info: Nov-18-2021 17:59:42: 	total difference before gas -> 0.16194909443692507
info: Nov-18-2021 17:59:42: 	total gas to execute trades -> undefined Wei
info: Nov-18-2021 17:59:42: 	No profit estimated after gas  -> 0.15474909443692506



info: Nov-18-2021 17:59:42: 	balance before trade -> 0
info: Nov-18-2021 17:59:52: 	DAI/WETH on Uniswap: -> 4115.605117445409
info: Nov-18-2021 17:59:52: 	DAI/WETH on SushiSwap: -> 4100.763301517598
info: Nov-18-2021 17:59:52: 	DAI/WETH on SakeSwap: -> 4130.070783251712
info: Nov-18-2021 17:59:52: 	DAI/WETH on CrowSwap: -> 4152.838243441928
info: Nov-18-2021 17:59:52: 	DAI/WETH on ShibaSwap: -> 4115.291133136113
info: Nov-18-2021 18:00:06: 	

User requesting to borrow 1 ETH
info: Nov-18-2021 18:00:06: 	Exhnage price difference -> 0.00032389818887385013 = 0.00032389818887385013
info: Nov-18-2021 18:00:06: 	total difference before gas -> 0.16194909443692507
info: Nov-18-2021 18:00:06: 	total gas to execute trades -> undefined Wei
info: Nov-18-2021 18:00:06: 	No profit estimated after gas  -> 0.15474909443692506



info: Nov-18-2021 18:00:06: 	balance before trade -> 0
info: Nov-18-2021 18:00:15: 	DAI/WETH on Uniswap: -> 4115.605117445409
info: Nov-18-2021 18:00:15: 	DAI/WETH on SushiSwap: -> 4100.763301517598
info: Nov-18-2021 18:00:15: 	DAI/WETH on SakeSwap: -> 4130.070783251712
info: Nov-18-2021 18:00:15: 	DAI/WETH on CrowSwap: -> 4152.838243441928
info: Nov-18-2021 18:00:15: 	DAI/WETH on ShibaSwap: -> 4115.291133136113
info: Nov-18-2021 18:00:16: 	

User requesting to borrow 1 ETH
info: Nov-18-2021 18:00:16: 	Exhnage price difference -> 0.00032389818887385013 = 0.00032389818887385013
info: Nov-18-2021 18:00:16: 	total difference before gas -> 0.16194909443692507
info: Nov-18-2021 18:00:16: 	total gas to execute trades -> undefined Wei
info: Nov-18-2021 18:00:16: 	No profit estimated after gas  -> 0.15474909443692506



info: Nov-18-2021 18:00:16: 	balance before trade -> 0
info: Nov-18-2021 18:01:09: 	DAI/WETH on Uniswap: -> 4035.5053889639103
info: Nov-18-2021 18:01:09: 	DAI/WETH on SushiSwap: -> 4052.1723658352166
info: Nov-18-2021 18:01:09: 	DAI/WETH on SakeSwap: -> 4130.070783251712
info: Nov-18-2021 18:01:09: 	DAI/WETH on CrowSwap: -> 4028.3053110248725
info: Nov-18-2021 18:01:09: 	DAI/WETH on ShibaSwap: -> 4043.9101846487306
info: Nov-18-2021 18:01:45: 	DAI/WETH on Uniswap: -> 4035.5053889639103
info: Nov-18-2021 18:01:45: 	DAI/WETH on SushiSwap: -> 4052.1723658352166
info: Nov-18-2021 18:01:45: 	DAI/WETH on SakeSwap: -> 4130.070783251712
info: Nov-18-2021 18:01:45: 	DAI/WETH on CrowSwap: -> 4028.3053110248725
info: Nov-18-2021 18:01:45: 	DAI/WETH on ShibaSwap: -> 4043.9101846487306
info: Nov-18-2021 18:02:06: 	DAI/WETH on Uniswap: -> 4035.5053889639103
info: Nov-18-2021 18:02:06: 	DAI/WETH on SushiSwap: -> 4052.1723658352166
info: Nov-18-2021 18:02:06: 	DAI/WETH on SakeSwap: -> 4130.070783251712
info: Nov-18-2021 18:02:06: 	DAI/WETH on CrowSwap: -> 4028.3053110248725
info: Nov-18-2021 18:02:06: 	DAI/WETH on ShibaSwap: -> 4043.9101846487306
info: Nov-18-2021 18:02:15: 	DAI/WETH on Uniswap: -> 4035.5053889639103
info: Nov-18-2021 18:02:15: 	DAI/WETH on SushiSwap: -> 4052.1723658352166
info: Nov-18-2021 18:02:15: 	DAI/WETH on SakeSwap: -> 4130.070783251712
info: Nov-18-2021 18:02:15: 	DAI/WETH on CrowSwap: -> 4028.3053110248725
info: Nov-18-2021 18:02:15: 	DAI/WETH on ShibaSwap: -> 4043.9101846487306
info: Nov-18-2021 23:28:21: 	DAI/WETH on Uniswap: -> 3979.7161498276855
info: Nov-18-2021 23:28:21: 	DAI/WETH on SushiSwap: -> 3995.4857825677414
info: Nov-18-2021 23:28:21: 	DAI/WETH on SakeSwap: -> 4130.070783251712
info: Nov-18-2021 23:28:21: 	DAI/WETH on CrowSwap: -> 3992.958539806316
info: Nov-18-2021 23:28:21: 	DAI/WETH on ShibaSwap: -> 3992.108415686342
info: Nov-18-2021 23:28:33: 	

User requesting to borrow 1 ETH
info: Nov-18-2021 23:28:33: 	Exhnage price difference -> -0.0002600560590879375 = -0.0002600560590879375
info: Nov-18-2021 23:28:33: 	No profit fo this trade
info: Nov-18-2021 23:28:42: 	DAI/WETH on Uniswap: -> 3979.7161498276855
info: Nov-18-2021 23:28:42: 	DAI/WETH on SushiSwap: -> 3995.4857825677414
info: Nov-18-2021 23:28:42: 	DAI/WETH on SakeSwap: -> 4130.070783251712
info: Nov-18-2021 23:28:42: 	DAI/WETH on CrowSwap: -> 3992.958539806316
info: Nov-18-2021 23:28:42: 	DAI/WETH on ShibaSwap: -> 3992.108415686342
info: Nov-18-2021 23:28:56: 	

User requesting to borrow 1 ETH
info: Nov-18-2021 23:28:56: 	Exhnage price difference -> -0.01732750740946487 = -0.01732750740946487
info: Nov-18-2021 23:28:56: 	No profit fo this trade
info: Nov-18-2021 23:29:23: 	DAI/WETH on Uniswap: -> 3979.7161498276855
info: Nov-18-2021 23:29:23: 	DAI/WETH on SushiSwap: -> 3995.4857825677414
info: Nov-18-2021 23:29:23: 	DAI/WETH on SakeSwap: -> 4130.070783251712
info: Nov-18-2021 23:29:23: 	DAI/WETH on CrowSwap: -> 3992.958539806316
info: Nov-18-2021 23:29:23: 	DAI/WETH on ShibaSwap: -> 3992.108415686342
info: Nov-18-2021 23:29:37: 	

User requesting to borrow 1 ETH
info: Nov-18-2021 23:29:37: 	Exhnage price difference -> -0.0003779402322208192 = -0.0003779402322208192
info: Nov-18-2021 23:29:37: 	No profit fo this trade
info: Nov-18-2021 23:30:46: 	DAI/WETH on Uniswap: -> 3979.7161498276855
info: Nov-18-2021 23:30:46: 	DAI/WETH on SushiSwap: -> 3995.4857825677414
info: Nov-18-2021 23:30:46: 	DAI/WETH on SakeSwap: -> 4130.070783251712
info: Nov-18-2021 23:30:46: 	DAI/WETH on CrowSwap: -> 3992.958539806316
info: Nov-18-2021 23:30:46: 	DAI/WETH on ShibaSwap: -> 3992.108415686342
info: Nov-18-2021 23:30:59: 	

User requesting to borrow 1 ETH
info: Nov-18-2021 23:30:59: 	Exhnage price difference -> -0.01732750740946487 = -0.01732750740946487
info: Nov-18-2021 23:30:59: 	No profit fo this trade
info: Nov-18-2021 23:31:39: 	DAI/WETH on Uniswap: -> 3979.7161498276855
info: Nov-18-2021 23:31:39: 	DAI/WETH on SushiSwap: -> 3995.4857825677414
info: Nov-18-2021 23:31:39: 	DAI/WETH on SakeSwap: -> 4130.070783251712
info: Nov-18-2021 23:31:39: 	DAI/WETH on CrowSwap: -> 3992.958539806316
info: Nov-18-2021 23:31:39: 	DAI/WETH on ShibaSwap: -> 3992.108415686342
info: Nov-18-2021 23:31:52: 	

User requesting to borrow 1 ETH
info: Nov-18-2021 23:31:52: 	Exhnage price difference -> -6.742348103500246e-7 = -6.742348103500246e-7
info: Nov-18-2021 23:31:52: 	No profit fo this trade
info: Nov-18-2021 23:32:10: 	DAI/WETH on Uniswap: -> 3979.7161498276855
info: Nov-18-2021 23:32:10: 	DAI/WETH on SushiSwap: -> 3995.4857825677414
info: Nov-18-2021 23:32:10: 	DAI/WETH on SakeSwap: -> 4130.070783251712
info: Nov-18-2021 23:32:10: 	DAI/WETH on CrowSwap: -> 3992.958539806316
info: Nov-18-2021 23:32:10: 	DAI/WETH on ShibaSwap: -> 3992.108415686342
info: Nov-18-2021 23:32:24: 	

User requesting to borrow 1 ETH
info: Nov-18-2021 23:32:24: 	Exhnage price difference -> 0.00006942253628174598 = 0.00006942253628174598
info: Nov-18-2021 23:32:24: 	total difference before gas -> 0.0006942253628174598
info: Nov-18-2021 23:32:24: 	total gas to execute trades -> undefined Wei
info: Nov-18-2021 23:32:24: 	total estimated profit -> -0.00650577463718254



info: Nov-18-2021 23:32:33: 	DAI/WETH on Uniswap: -> 3979.7161498276855
info: Nov-18-2021 23:32:33: 	DAI/WETH on SushiSwap: -> 3995.4857825677414
info: Nov-18-2021 23:32:33: 	DAI/WETH on SakeSwap: -> 4130.070783251712
info: Nov-18-2021 23:32:33: 	DAI/WETH on CrowSwap: -> 3992.958539806316
info: Nov-18-2021 23:32:33: 	DAI/WETH on ShibaSwap: -> 3992.108415686342
info: Nov-18-2021 23:32:34: 	

User requesting to borrow 1 ETH
info: Nov-18-2021 23:32:34: 	Exhnage price difference -> 0.00006942253628174598 = 0.00006942253628174598
info: Nov-18-2021 23:32:34: 	total difference before gas -> 0.0006942253628174598
info: Nov-18-2021 23:32:34: 	total gas to execute trades -> undefined Wei
info: Nov-18-2021 23:32:34: 	total estimated profit -> -0.00650577463718254



info: Nov-18-2021 23:32:44: 	DAI/WETH on Uniswap: -> 3979.7161498276855
info: Nov-18-2021 23:32:44: 	DAI/WETH on SushiSwap: -> 3995.4857825677414
info: Nov-18-2021 23:32:44: 	DAI/WETH on SakeSwap: -> 4130.070783251712
info: Nov-18-2021 23:32:44: 	DAI/WETH on CrowSwap: -> 3992.958539806316
info: Nov-18-2021 23:32:44: 	DAI/WETH on ShibaSwap: -> 3992.108415686342
info: Nov-18-2021 23:32:57: 	

User requesting to borrow 1 ETH
info: Nov-18-2021 23:32:57: 	Exhnage price difference -> 0.000023662224517950053 = 0.000023662224517950053
info: Nov-18-2021 23:32:57: 	total difference before gas -> 0.0023662224517950053
info: Nov-18-2021 23:32:57: 	total gas to execute trades -> undefined Wei
info: Nov-18-2021 23:32:57: 	total estimated profit -> -0.0048337775482049945



info: Nov-18-2021 23:33:13: 	DAI/WETH on Uniswap: -> 3979.7161498276855
info: Nov-18-2021 23:33:13: 	DAI/WETH on SushiSwap: -> 3995.4857825677414
info: Nov-18-2021 23:33:13: 	DAI/WETH on SakeSwap: -> 4130.070783251712
info: Nov-18-2021 23:33:13: 	DAI/WETH on CrowSwap: -> 3992.958539806316
info: Nov-18-2021 23:33:13: 	DAI/WETH on ShibaSwap: -> 3992.108415686342
info: Nov-18-2021 23:33:26: 	

User requesting to borrow 1 ETH
info: Nov-18-2021 23:33:26: 	Exhnage price difference -> -0.00005161700987450085 = -0.00005161700987450085
info: Nov-18-2021 23:33:26: 	No profit fo this trade
info: Nov-18-2021 23:34:58: 	DAI/WETH on Uniswap: -> 3962.5867481303976
info: Nov-18-2021 23:34:58: 	DAI/WETH on SushiSwap: -> 3965.7064830781196
info: Nov-18-2021 23:34:58: 	DAI/WETH on SakeSwap: -> 4130.070783251712
info: Nov-18-2021 23:34:58: 	DAI/WETH on CrowSwap: -> 3988.6681977750127
info: Nov-18-2021 23:34:58: 	DAI/WETH on ShibaSwap: -> 3977.8443571145976
info: Nov-18-2021 23:35:20: 	DAI/WETH on Uniswap: -> 3962.5867481303976
info: Nov-18-2021 23:35:20: 	DAI/WETH on SushiSwap: -> 3965.7064830781196
info: Nov-18-2021 23:35:20: 	DAI/WETH on SakeSwap: -> 4130.070783251712
info: Nov-18-2021 23:35:20: 	DAI/WETH on CrowSwap: -> 3988.6681977750127
info: Nov-18-2021 23:35:20: 	DAI/WETH on ShibaSwap: -> 3977.8443571145976
info: Nov-18-2021 23:37:35: 	DAI/WETH on Uniswap: -> 3962.5867481303976
info: Nov-18-2021 23:37:35: 	DAI/WETH on SushiSwap: -> 3965.7064830781196
info: Nov-18-2021 23:37:35: 	DAI/WETH on SakeSwap: -> 4130.070783251712
info: Nov-18-2021 23:37:35: 	DAI/WETH on CrowSwap: -> 3988.6681977750127
info: Nov-18-2021 23:37:35: 	DAI/WETH on ShibaSwap: -> 3977.8443571145976
info: Nov-18-2021 23:38:23: 	DAI/WETH on Uniswap: -> 3962.5867481303976
info: Nov-18-2021 23:38:23: 	DAI/WETH on SushiSwap: -> 3965.7064830781196
info: Nov-18-2021 23:38:23: 	DAI/WETH on SakeSwap: -> 4130.070783251712
info: Nov-18-2021 23:38:23: 	DAI/WETH on CrowSwap: -> 3988.6681977750127
info: Nov-18-2021 23:38:23: 	DAI/WETH on ShibaSwap: -> 3977.8443571145976
